# JRE version: Java(TM) SE Runtime Environment (24.0.2+12) (build 24.0.2+12-54)
# Java VM: Java HotSpot(TM) 64-Bit Server VM (24.0.2+12-54, mixed mode, emulated-client, sharing, tiered, compressed oops, compressed class ptrs, g1 gc, windows-amd64)
GC Precious Log:
 CardTable entry size: 512
 Card Set container configuration: InlinePtr #cards 5 size 8 Array Of Cards #cards 10 size 36 Howl #buckets 4 coarsen threshold 1843 Howl Bitmap #cards 512 size 80 coarsen threshold 460 Card regions per heap region 1 cards per card region 2048
 CPUs: 12 total, 12 available
 Memory: 5989M
 Large Page Support: Disabled
 NUMA Support: Disabled
 Compressed Oops: Enabled (32-bit)
 Heap Region Size: 1M
 Heap Min Capacity: 8M
 Heap Initial Capacity: 94M
 Heap Max Capacity: 1498M
 Pre-touch: Disabled
 Parallel Workers: 10
 Concurrent Workers: 3
 Concurrent Refinement Workers: 10
 Periodic GC: Disabled
Heap:
 garbage-first heap   total reserved 1533952K, committed 63488K, used 45563K [0x00000000a2600000, 0x0000000100000000)
  region size 1024K, 16 young (16384K), 2 survivors (2048K)
 Metaspace       used 69012K, committed 69440K, reserved 1114112K
  class space    used 8214K, committed 8384K, reserved 1048576K
GC Heap History (20 events):
Event: 8.175 GC heap before
{Heap before GC invocations=4 (full 0):
 garbage-first heap   total reserved 1533952K, committed 58368K, used 57460K [0x00000000a2600000, 0x0000000100000000)
  region size 1024K, 42 young (43008K), 2 survivors (2048K)
 Metaspace       used 26941K, committed 27328K, reserved 1114112K
  class space    used 3125K, committed 3264K, reserved 1048576K
}
Event: 8.197 GC heap after
{Heap after GC invocations=5 (full 0):
 garbage-first heap   total reserved 1533952K, committed 63488K, used 19385K [0x00000000a2600000, 0x0000000100000000)
  region size 1024K, 5 young (5120K), 5 survivors (5120K)
 Metaspace       used 26941K, committed 27328K, reserved 1114112K
  class space    used 3125K, committed 3264K, reserved 1048576K
}
Event: 10.068 GC heap before
{Heap before GC invocations=5 (full 0):
 garbage-first heap   total reserved 1533952K, committed 63488K, used 46009K [0x00000000a2600000, 0x0000000100000000)
  region size 1024K, 31 young (31744K), 5 survivors (5120K)
 Metaspace       used 32715K, committed 33152K, reserved 1114112K
  class space    used 3725K, committed 3904K, reserved 1048576K
}
Event: 10.078 GC heap after
{Heap after GC invocations=6 (full 0):
 garbage-first heap   total reserved 1533952K, committed 63488K, used 21867K [0x00000000a2600000, 0x0000000100000000)
  region size 1024K, 3 young (3072K), 3 survivors (3072K)
 Metaspace       used 32715K, committed 33152K, reserved 1114112K
  class space    used 3725K, committed 3904K, reserved 1048576K
}
Event: 10.948 GC heap before
{Heap before GC invocations=6 (full 0):
 garbage-first heap   total reserved 1533952K, committed 63488K, used 32107K [0x00000000a2600000, 0x0000000100000000)
  region size 1024K, 14 young (14336K), 3 survivors (3072K)
 Metaspace       used 35539K, committed 35968K, reserved 1114112K
  class space    used 4041K, committed 4224K, reserved 1048576K
}
Event: 10.954 GC heap after
{Heap after GC invocations=7 (full 0):
 garbage-first heap   total reserved 1533952K, committed 63488K, used 22145K [0x00000000a2600000, 0x0000000100000000)
  region size 1024K, 1 young (1024K), 1 survivors (1024K)
 Metaspace       used 35539K, committed 35968K, reserved 1114112K
  class space    used 4041K, committed 4224K, reserved 1048576K
}
Event: 14.438 GC heap before
{Heap before GC invocations=8 (full 0):
 garbage-first heap   total reserved 1533952K, committed 63488K, used 49793K [0x00000000a2600000, 0x0000000100000000)
  region size 1024K, 29 young (29696K), 1 survivors (1024K)
 Metaspace       used 46013K, committed 46464K, reserved 1114112K
  class space    used 5181K, committed 5376K, reserved 1048576K
}
Event: 14.446 GC heap after
{Heap after GC invocations=9 (full 0):
 garbage-first heap   total reserved 1533952K, committed 63488K, used 25183K [0x00000000a2600000, 0x0000000100000000)
  region size 1024K, 4 young (4096K), 4 survivors (4096K)
 Metaspace       used 46013K, committed 46464K, reserved 1114112K
  class space    used 5181K, committed 5376K, reserved 1048576K
}
Event: 16.899 GC heap before
{Heap before GC invocations=9 (full 0):
 garbage-first heap   total reserved 1533952K, committed 63488K, used 50783K [0x00000000a2600000, 0x0000000100000000)
  region size 1024K, 30 young (30720K), 4 survivors (4096K)
 Metaspace       used 53773K, committed 54272K, reserved 1114112K
  class space    used 5936K, committed 6144K, reserved 1048576K
}
Event: 16.910 GC heap after
{Heap after GC invocations=10 (full 0):
 garbage-first heap   total reserved 1533952K, committed 63488K, used 26523K [0x00000000a2600000, 0x0000000100000000)
  region size 1024K, 2 young (2048K), 2 survivors (2048K)
 Metaspace       used 53773K, committed 54272K, reserved 1114112K
  class space    used 5936K, committed 6144K, reserved 1048576K
}
Event: 23.108 GC heap before
{Heap before GC invocations=10 (full 0):
 garbage-first heap   total reserved 1533952K, committed 63488K, used 53147K [0x00000000a2600000, 0x0000000100000000)
  region size 1024K, 28 young (28672K), 2 survivors (2048K)
 Metaspace       used 59228K, committed 59712K, reserved 1114112K
  class space    used 6666K, committed 6848K, reserved 1048576K
}
Event: 23.114 GC heap after
{Heap after GC invocations=11 (full 0):
 garbage-first heap   total reserved 1533952K, committed 63488K, used 27751K [0x00000000a2600000, 0x0000000100000000)
  region size 1024K, 3 young (3072K), 3 survivors (3072K)
 Metaspace       used 59228K, committed 59712K, reserved 1114112K
  class space    used 6666K, committed 6848K, reserved 1048576K
}
Event: 23.914 GC heap before
{Heap before GC invocations=11 (full 0):
 garbage-first heap   total reserved 1533952K, committed 63488K, used 30823K [0x00000000a2600000, 0x0000000100000000)
  region size 1024K, 7 young (7168K), 3 survivors (3072K)
 Metaspace       used 59709K, committed 60160K, reserved 1114112K
  class space    used 6713K, committed 6912K, reserved 1048576K
}
Event: 23.922 GC heap after
{Heap after GC invocations=12 (full 0):
 garbage-first heap   total reserved 1533952K, committed 63488K, used 28107K [0x00000000a2600000, 0x0000000100000000)
  region size 1024K, 2 young (2048K), 2 survivors (2048K)
 Metaspace       used 59709K, committed 60160K, reserved 1114112K
  class space    used 6713K, committed 6912K, reserved 1048576K
}
Event: 25.465 GC heap before
{Heap before GC invocations=13 (full 0):
 garbage-first heap   total reserved 1533952K, committed 63488K, used 54731K [0x00000000a2600000, 0x0000000100000000)
  region size 1024K, 29 young (29696K), 2 survivors (2048K)
 Metaspace       used 64827K, committed 65280K, reserved 1114112K
  class space    used 7501K, committed 7680K, reserved 1048576K
}
Event: 25.473 GC heap after
{Heap after GC invocations=14 (full 0):
 garbage-first heap   total reserved 1533952K, committed 63488K, used 30466K [0x00000000a2600000, 0x0000000100000000)
  region size 1024K, 4 young (4096K), 4 survivors (4096K)
 Metaspace       used 64827K, committed 65280K, reserved 1114112K
  class space    used 7501K, committed 7680K, reserved 1048576K
}
Event: 25.645 GC heap before
{Heap before GC invocations=14 (full 0):
 garbage-first heap   total reserved 1533952K, committed 63488K, used 54018K [0x00000000a2600000, 0x0000000100000000)
  region size 1024K, 28 young (28672K), 4 survivors (4096K)
 Metaspace       used 64899K, committed 65344K, reserved 1114112K
  class space    used 7511K, committed 7680K, reserved 1048576K
}
Event: 25.654 GC heap after
{Heap after GC invocations=15 (full 0):
 garbage-first heap   total reserved 1533952K, committed 63488K, used 31227K [0x00000000a2600000, 0x0000000100000000)
  region size 1024K, 1 young (1024K), 1 survivors (1024K)
 Metaspace       used 64899K, committed 65344K, reserved 1114112K
  class space    used 7511K, committed 7680K, reserved 1048576K
}
Event: 26.503 GC heap before
{Heap before GC invocations=15 (full 0):
 garbage-first heap   total reserved 1533952K, committed 63488K, used 56827K [0x00000000a2600000, 0x0000000100000000)
  region size 1024K, 26 young (26624K), 1 survivors (1024K)
 Metaspace       used 68113K, committed 68608K, reserved 1114112K
  class space    used 8097K, committed 8320K, reserved 1048576K
}
Event: 26.508 GC heap after
{Heap after GC invocations=16 (full 0):
 garbage-first heap   total reserved 1533952K, committed 63488K, used 32251K [0x00000000a2600000, 0x0000000100000000)
  region size 1024K, 2 young (2048K), 2 survivors (2048K)
 Metaspace       used 68113K, committed 68608K, reserved 1114112K
  class space    used 8097K, committed 8320K, reserved 1048576K
}

